[2020-11-02 19:59:08.570] [sharedprocess] [info] main {"machineId":"7845cad4049db834589fc59cbe85c98032700c707985d77ade87bb41057a82b9","windowId":2}
[2020-11-02 19:59:12.947] [sharedprocess] [info] Installing extension: ms-python.python
[2020-11-02 19:59:34.685] [sharedprocess] [info] Downloaded extension: ms-python.python undefined
[2020-11-02 19:59:37.620] [sharedprocess] [info] Extracted extension to /home/anik/.vscode/extensions/.ms-python.python-2020.10.332292344: ms-python.python
[2020-11-02 19:59:37.620] [sharedprocess] [info] Renamed to /home/anik/.vscode/extensions/ms-python.python-2020.10.332292344
[2020-11-02 19:59:37.636] [sharedprocess] [info] Installation completed. ms-python.python
[2020-11-02 19:59:37.767] [sharedprocess] [info] Extensions installed successfully: ms-python.python
[2020-11-02 19:59:48.594] [sharedprocess] [info] Starting to clean up unused language packs.
[2020-11-02 20:10:27.571] [sharedprocess] [info] Installing extension: ritwickdey.liveserver
[2020-11-02 20:10:29.526] [sharedprocess] [info] Downloaded extension: ritwickdey.liveserver undefined
[2020-11-02 20:10:30.772] [sharedprocess] [info] Extracted extension to /home/anik/.vscode/extensions/.ritwickdey.liveserver-5.6.1: ritwickdey.liveserver
[2020-11-02 20:10:30.772] [sharedprocess] [info] Renamed to /home/anik/.vscode/extensions/ritwickdey.liveserver-5.6.1
[2020-11-02 20:10:30.773] [sharedprocess] [info] Installation completed. ritwickdey.liveserver
[2020-11-02 20:10:30.820] [sharedprocess] [info] Extensions installed successfully: ritwickdey.liveserver
[2020-11-02 20:11:23.031] [sharedprocess] [info] Installing extension: zhuangtongfa.material-theme
[2020-11-02 20:11:23.578] [sharedprocess] [info] Downloaded extension: zhuangtongfa.material-theme undefined
[2020-11-02 20:11:23.748] [sharedprocess] [info] Extracted extension to /home/anik/.vscode/extensions/.zhuangtongfa.material-theme-3.9.3: zhuangtongfa.material-theme
[2020-11-02 20:11:23.748] [sharedprocess] [info] Renamed to /home/anik/.vscode/extensions/zhuangtongfa.material-theme-3.9.3
[2020-11-02 20:11:23.749] [sharedprocess] [info] Installation completed. zhuangtongfa.material-theme
[2020-11-02 20:11:23.803] [sharedprocess] [info] Extensions installed successfully: zhuangtongfa.material-theme
