[2020-10-28 13:17:54.303] [sharedprocess] [info] main {"machineId":"7845cad4049db834589fc59cbe85c98032700c707985d77ade87bb41057a82b9","windowId":2}
[2020-10-28 13:17:54.348] [sharedprocess] [error] [File Watcher (node.js)] Error: ENOENT: no such file or directory, stat '/home/anik/.config/Code/User/snippets'
[2020-10-28 13:18:27.954] [sharedprocess] [info] Installing extension: ms-python.python
[2020-10-28 13:18:30.238] [sharedprocess] [info] Installing extension: ms-vscode.cpptools
[2020-10-28 13:18:31.865] [sharedprocess] [info] Installing extension: dbaeumer.vscode-eslint
[2020-10-28 13:18:32.825] [sharedprocess] [info] Downloaded extension: dbaeumer.vscode-eslint undefined
[2020-10-28 13:18:32.893] [sharedprocess] [info] Extracted extension to /home/anik/.vscode/extensions/.dbaeumer.vscode-eslint-2.1.13: dbaeumer.vscode-eslint
[2020-10-28 13:18:32.893] [sharedprocess] [info] Renamed to /home/anik/.vscode/extensions/dbaeumer.vscode-eslint-2.1.13
[2020-10-28 13:18:32.896] [sharedprocess] [info] Installation completed. dbaeumer.vscode-eslint
[2020-10-28 13:18:32.941] [sharedprocess] [info] Extensions installed successfully: dbaeumer.vscode-eslint
[2020-10-28 13:18:33.042] [sharedprocess] [info] Downloaded extension: ms-vscode.cpptools undefined
[2020-10-28 13:18:33.426] [sharedprocess] [info] Extracted extension to /home/anik/.vscode/extensions/.ms-vscode.cpptools-1.0.1: ms-vscode.cpptools
[2020-10-28 13:18:33.426] [sharedprocess] [info] Renamed to /home/anik/.vscode/extensions/ms-vscode.cpptools-1.0.1
[2020-10-28 13:18:33.430] [sharedprocess] [info] Installation completed. ms-vscode.cpptools
[2020-10-28 13:18:33.489] [sharedprocess] [info] Extensions installed successfully: ms-vscode.cpptools
[2020-10-28 13:18:34.323] [sharedprocess] [info] Starting to clean up unused language packs.
[2020-10-28 13:18:34.517] [sharedprocess] [info] Installing extension: esbenp.prettier-vscode
[2020-10-28 13:18:39.709] [sharedprocess] [info] Downloaded extension: esbenp.prettier-vscode undefined
[2020-10-28 13:18:39.893] [sharedprocess] [info] Extracted extension to /home/anik/.vscode/extensions/.esbenp.prettier-vscode-5.7.1: esbenp.prettier-vscode
[2020-10-28 13:18:39.893] [sharedprocess] [info] Renamed to /home/anik/.vscode/extensions/esbenp.prettier-vscode-5.7.1
[2020-10-28 13:18:39.894] [sharedprocess] [info] Installation completed. esbenp.prettier-vscode
[2020-10-28 13:18:39.935] [sharedprocess] [info] Extensions installed successfully: esbenp.prettier-vscode
[2020-10-28 13:18:47.438] [sharedprocess] [info] Installing extension: vscode-icons-team.vscode-icons
[2020-10-28 13:18:54.535] [sharedprocess] [info] Downloaded extension: vscode-icons-team.vscode-icons undefined
[2020-10-28 13:18:55.452] [sharedprocess] [info] Extracted extension to /home/anik/.vscode/extensions/.vscode-icons-team.vscode-icons-11.0.0: vscode-icons-team.vscode-icons
[2020-10-28 13:18:55.453] [sharedprocess] [info] Renamed to /home/anik/.vscode/extensions/vscode-icons-team.vscode-icons-11.0.0
[2020-10-28 13:18:55.453] [sharedprocess] [info] Installation completed. vscode-icons-team.vscode-icons
[2020-10-28 13:18:55.506] [sharedprocess] [info] Extensions installed successfully: vscode-icons-team.vscode-icons
[2020-10-28 13:19:02.739] [sharedprocess] [info] Downloaded extension: ms-python.python undefined
[2020-10-28 13:19:05.405] [sharedprocess] [info] Extracted extension to /home/anik/.vscode/extensions/.ms-python.python-2020.9.114305: ms-python.python
[2020-10-28 13:19:05.405] [sharedprocess] [info] Renamed to /home/anik/.vscode/extensions/ms-python.python-2020.9.114305
[2020-10-28 13:19:05.412] [sharedprocess] [info] Installation completed. ms-python.python
[2020-10-28 13:19:05.502] [sharedprocess] [info] Extensions installed successfully: ms-python.python
